Using pre-set license
Built from '2021.1/release' branch; Version is '2021.1.16f1 (5fa502fca597) revision 6268162'; Using compiler version '192528614'; Build Type 'Release'
OS: 'Windows 10 Home; OS build 19042.1288; Version 2009; 64bit' Language: 'en' Physical Memory: 16314 MB
BatchMode: 1, IsHumanControllingUs: 0, StartBugReporterOnCrash: 0, Is64bit: 1, IsPro: 0

 COMMAND LINE ARGUMENTS:
C:\Program Files\Unity\Editor\2021.1.16f1\Editor\Unity.exe
-adb2
-batchMode
-noUpm
-name
AssetImportWorker0
-projectPath
C:/Users/talyn/Documents/GitHub/SGDDesignGame3/SGDDesignGame3
-logFile
Logs/AssetImportWorker0.log
-srvPort
53289
Successfully changed project path to: C:/Users/talyn/Documents/GitHub/SGDDesignGame3/SGDDesignGame3
C:/Users/talyn/Documents/GitHub/SGDDesignGame3/SGDDesignGame3
Using Asset Import Pipeline V2.
Refreshing native plugins compatible for Editor in 36.62 ms, found 3 plugins.
Preloading 0 native plugins for Editor in 0.00 ms.
Initialize engine version: 2021.1.16f1 (5fa502fca597)
[Subsystems] Discovering subsystems at path C:/Program Files/Unity/Editor/2021.1.16f1/Editor/Data/Resources/UnitySubsystems
[Subsystems] Discovering subsystems at path C:/Users/talyn/Documents/GitHub/SGDDesignGame3/SGDDesignGame3/Assets
GfxDevice: creating device client; threaded=0; jobified=0
Direct3D:
    Version:  Direct3D 11.0 [level 11.1]
    Renderer: AMD Radeon RX 5700 XT (ID=0x731f)
    Vendor:   ATI
    VRAM:     8148 MB
    Driver:   27.20.1034.6
Initialize mono
Mono path[0] = 'C:/Program Files/Unity/Editor/2021.1.16f1/Editor/Data/Managed'
Mono path[1] = 'C:/Program Files/Unity/Editor/2021.1.16f1/Editor/Data/MonoBleedingEdge/lib/mono/unityjit'
Mono config path = 'C:/Program Files/Unity/Editor/2021.1.16f1/Editor/Data/MonoBleedingEdge/etc'
Using monoOptions --debugger-agent=transport=dt_socket,embedding=1,server=y,suspend=n,address=127.0.0.1:56396
Begin MonoManager ReloadAssembly
Registering precompiled unity dll's ...
Register platform support module: C:/Program Files/Unity/Editor/2021.1.16f1/Editor/Data/PlaybackEngines/WindowsStandaloneSupport/UnityEditor.WindowsStandalone.Extensions.dll
Registered in 0.001781 seconds.
Native extension for WindowsStandalone target not found
Refreshing native plugins compatible for Editor in 35.80 ms, found 3 plugins.
Preloading 0 native plugins for Editor in 0.00 ms.
Mono: successfully reloaded assembly
- Completed reload, in  0.942 seconds
Domain Reload Profiling:
	ReloadAssembly (942ms)
		BeginReloadAssembly (52ms)
			ExecutionOrderSort (0ms)
			DisableScriptedObjects (0ms)
			BackupInstance (0ms)
			ReleaseScriptingObjects (0ms)
			CreateAndSetChildDomain (1ms)
		EndReloadAssembly (337ms)
			LoadAssemblies (50ms)
			RebuildTransferFunctionScriptingTraits (0ms)
			SetupTypeCache (134ms)
			ReleaseScriptCaches (0ms)
			RebuildScriptCaches (23ms)
			SetupLoadedEditorAssemblies (143ms)
				LogAssemblyErrors (0ms)
				InitializePlatformSupportModulesInManaged (5ms)
				SetLoadedEditorAssemblies (0ms)
				RefreshPlugins (36ms)
				BeforeProcessingInitializeOnLoad (1ms)
				ProcessInitializeOnLoadAttributes (77ms)
				ProcessInitializeOnLoadMethodAttributes (24ms)
				AfterProcessingInitializeOnLoad (0ms)
				EditorAssembliesLoaded (0ms)
			ExecutionOrderSort2 (0ms)
			AwakeInstancesAfterBackupRestoration (0ms)
Platform modules already initialized, skipping
Registering precompiled user dll's ...
Registered in 0.003413 seconds.
Begin MonoManager ReloadAssembly
Native extension for WindowsStandalone target not found
Refreshing native plugins compatible for Editor in 35.29 ms, found 3 plugins.
Preloading 0 native plugins for Editor in 0.00 ms.
Mono: successfully reloaded assembly
- Completed reload, in  0.976 seconds
Domain Reload Profiling:
	ReloadAssembly (977ms)
		BeginReloadAssembly (130ms)
			ExecutionOrderSort (0ms)
			DisableScriptedObjects (4ms)
			BackupInstance (0ms)
			ReleaseScriptingObjects (0ms)
			CreateAndSetChildDomain (17ms)
		EndReloadAssembly (796ms)
			LoadAssemblies (78ms)
			RebuildTransferFunctionScriptingTraits (0ms)
			SetupTypeCache (242ms)
			ReleaseScriptCaches (0ms)
			RebuildScriptCaches (38ms)
			SetupLoadedEditorAssemblies (362ms)
				LogAssemblyErrors (0ms)
				InitializePlatformSupportModulesInManaged (3ms)
				SetLoadedEditorAssemblies (0ms)
				RefreshPlugins (35ms)
				BeforeProcessingInitializeOnLoad (50ms)
				ProcessInitializeOnLoadAttributes (256ms)
				ProcessInitializeOnLoadMethodAttributes (12ms)
				AfterProcessingInitializeOnLoad (6ms)
				EditorAssembliesLoaded (0ms)
			ExecutionOrderSort2 (0ms)
			AwakeInstancesAfterBackupRestoration (5ms)
Platform modules already initialized, skipping
========================================================================
Worker process is ready to serve import requests
Launched and connected shader compiler UnityShaderCompiler.exe after 0.04 seconds
Refreshing native plugins compatible for Editor in 0.44 ms, found 3 plugins.
Preloading 0 native plugins for Editor in 0.00 ms.
Unloading 2114 Unused Serialized files (Serialized files now loaded: 0)
System memory in use before: 95.2 MB.
System memory in use after: 95.3 MB.

Unloading 28 unused Assets to reduce memory usage. Loaded Objects now: 2567.
Total: 3.034000 ms (FindLiveObjects: 0.150400 ms CreateObjectMapping: 0.054600 ms MarkObjects: 2.782800 ms  DeleteObjects: 0.045400 ms)

AssetImportParameters requested are different than current active one (requested -> active):
  custom:framework-win-MediaFoundation: 216162199b28c13a410421893ffa2e32 -> 
  custom:video-decoder-ogg-theora: a1e56fd34408186e4bbccfd4996cb3dc -> 
  custom:container-muxer-webm: aa71ff27fc2769a1b78a27578f13a17b -> 
  custom:container-demuxer-webm: 4f35f7cbe854078d1ac9338744f61a02 -> 
  custom:container-demuxer-ogg: 62fdf1f143b41e24485cea50d1cbac27 -> 
  custom:video-encoder-webm-vp8: eb34c28f22e8b96e1ab97ce403110664 -> 
  custom:video-decoder-webm-vp8: 9c59270c3fd7afecdb556c50c9e8de78 -> 
  custom:audio-decoder-ogg-vorbis: bf7c407c2cedff20999df2af8eb42d56 -> 
  custom:audio-encoder-webm-vorbis: bf7c407c2cedff20999df2af8eb42d56 -> 
========================================================================
Received Import Request.
  path: Assets/Scenes/SampleScene.unity
  artifactKey: Guid(2cda990e2423bbf4892e6590ba056729) Importer(815301076,1909f56bfc062723c751e8b465ee728b)
Start importing Assets/Scenes/SampleScene.unity using Guid(2cda990e2423bbf4892e6590ba056729) Importer(815301076,1909f56bfc062723c751e8b465ee728b)  -> (artifact id: 'af854e0233525d2bbe8eddf49bffdb6e') in 0.014559 seconds 
========================================================================
Received Import Request.
  Time since last request: 9.452330 seconds.
  path: Assets/Scenes/MainMenu.unity
  artifactKey: Guid(2cda990e2423bbf4892e6590ba056729) Importer(815301076,1909f56bfc062723c751e8b465ee728b)
Start importing Assets/Scenes/MainMenu.unity using Guid(2cda990e2423bbf4892e6590ba056729) Importer(815301076,1909f56bfc062723c751e8b465ee728b)  -> (artifact id: 'd651eb68cc023f4b327034b052a79afe') in 0.006495 seconds 
========================================================================
Received Import Request.
  Time since last request: 12.386793 seconds.
  path: Assets/Scenes
  artifactKey: Guid(d1bc8684f907e444594a579637537851) Importer(815301076,1909f56bfc062723c751e8b465ee728b)
Start importing Assets/Scenes using Guid(d1bc8684f907e444594a579637537851) Importer(815301076,1909f56bfc062723c751e8b465ee728b)  -> (artifact id: '8a5a800cbb19f2bbc1d6f2554205713e') in 0.011123 seconds 
========================================================================
Received Import Request.
  Time since last request: 11.406687 seconds.
  path: Assets/Scenes/Level1.unity
  artifactKey: Guid(552818231fcc843419f4ecfa8653e4bc) Importer(815301076,1909f56bfc062723c751e8b465ee728b)
Start importing Assets/Scenes/Level1.unity using Guid(552818231fcc843419f4ecfa8653e4bc) Importer(815301076,1909f56bfc062723c751e8b465ee728b)  -> (artifact id: 'bda034894b19a099c5cbf3e7b953454e') in 0.006427 seconds 
========================================================================
Received Import Request.
  Time since last request: 80.160317 seconds.
  path: Assets/Scenes/Level1 (3D).unity
  artifactKey: Guid(f33cdef111726aa4a99a6d4ea6b68a63) Importer(815301076,1909f56bfc062723c751e8b465ee728b)
Start importing Assets/Scenes/Level1 (3D).unity using Guid(f33cdef111726aa4a99a6d4ea6b68a63) Importer(815301076,1909f56bfc062723c751e8b465ee728b)  -> (artifact id: '5400835f02aa73735451fd863ed24738') in 0.004905 seconds 
========================================================================
Received Import Request.
  Time since last request: 7.916602 seconds.
  path: Assets/Scenes/Level1 (2D).unity
  artifactKey: Guid(552818231fcc843419f4ecfa8653e4bc) Importer(815301076,1909f56bfc062723c751e8b465ee728b)
Start importing Assets/Scenes/Level1 (2D).unity using Guid(552818231fcc843419f4ecfa8653e4bc) Importer(815301076,1909f56bfc062723c751e8b465ee728b)  -> (artifact id: 'fad1c15240e511783463ab82304cc471') in 0.005377 seconds 
========================================================================
Received Import Request.
  Time since last request: 126.452830 seconds.
  path: Assets
  artifactKey: Guid(00000000000000001000000000000000) Importer(815301076,1909f56bfc062723c751e8b465ee728b)
Start importing Assets using Guid(00000000000000001000000000000000) Importer(815301076,1909f56bfc062723c751e8b465ee728b)  -> (artifact id: '42d402b061de3733987d63b9cc3b64de') in 0.005444 seconds 
========================================================================
Received Import Request.
  Time since last request: 5.071980 seconds.
  path: Assets/Scripts
  artifactKey: Guid(3387cb20d8cb6304ab028d1afeb83ab3) Importer(815301076,1909f56bfc062723c751e8b465ee728b)
Start importing Assets/Scripts using Guid(3387cb20d8cb6304ab028d1afeb83ab3) Importer(815301076,1909f56bfc062723c751e8b465ee728b)  -> (artifact id: '1ebc3833838ee70a83ce70516acebff9') in 0.004427 seconds 
========================================================================
Received Import Request.
  Time since last request: 5.926692 seconds.
  path: Assets/Prefabs
  artifactKey: Guid(9bc512d6c19418b40b84202d54b93bdb) Importer(815301076,1909f56bfc062723c751e8b465ee728b)
Start importing Assets/Prefabs using Guid(9bc512d6c19418b40b84202d54b93bdb) Importer(815301076,1909f56bfc062723c751e8b465ee728b)  -> (artifact id: '19f78d8f9bf199e6a9c2826eb5290ca9') in 0.005006 seconds 
========================================================================
Received Import Request.
  Time since last request: 36.330210 seconds.
  path: Assets/Materials
  artifactKey: Guid(ac13f8f6a2a5e5543915756c55b4e4e5) Importer(815301076,1909f56bfc062723c751e8b465ee728b)
Start importing Assets/Materials using Guid(ac13f8f6a2a5e5543915756c55b4e4e5) Importer(815301076,1909f56bfc062723c751e8b465ee728b)  -> (artifact id: '2e2932fddb25b033519029cbe6ea1cd6') in 0.004405 seconds 
========================================================================
Received Import Request.
  Time since last request: 6.335807 seconds.
  path: Assets/Imports
  artifactKey: Guid(90910ac1d62690a46b20a502fd1f43fb) Importer(815301076,1909f56bfc062723c751e8b465ee728b)
Start importing Assets/Imports using Guid(90910ac1d62690a46b20a502fd1f43fb) Importer(815301076,1909f56bfc062723c751e8b465ee728b)  -> (artifact id: '81d738f624a29492adac4d20797973d8') in 0.004507 seconds 
========================================================================
Received Import Request.
  Time since last request: 4.926785 seconds.
  path: Assets/Audio
  artifactKey: Guid(5ef52da038d8df24a9bd147eea1cdfbc) Importer(815301076,1909f56bfc062723c751e8b465ee728b)
Start importing Assets/Audio using Guid(5ef52da038d8df24a9bd147eea1cdfbc) Importer(815301076,1909f56bfc062723c751e8b465ee728b)  -> (artifact id: '0b10899c35cebd2bde43ecc603e0292d') in 0.004615 seconds 
========================================================================
Received Import Request.
  Time since last request: 6.640984 seconds.
  path: Assets/Audio/Music
  artifactKey: Guid(ea2494defd6c2ee4da8574257d072e75) Importer(815301076,1909f56bfc062723c751e8b465ee728b)
Start importing Assets/Audio/Music using Guid(ea2494defd6c2ee4da8574257d072e75) Importer(815301076,1909f56bfc062723c751e8b465ee728b)  -> (artifact id: 'df298f3fdaea53b8822b324f4344f002') in 0.004512 seconds 
========================================================================
Received Import Request.
  Time since last request: 5.704472 seconds.
  path: Assets/Audio/SFX
  artifactKey: Guid(2b8b53d13733e2c4486dc2d518a2a5f2) Importer(815301076,1909f56bfc062723c751e8b465ee728b)
Start importing Assets/Audio/SFX using Guid(2b8b53d13733e2c4486dc2d518a2a5f2) Importer(815301076,1909f56bfc062723c751e8b465ee728b)  -> (artifact id: '9e7e3a84200e09b2a5805af8e7636f96') in 0.004353 seconds 
========================================================================
Received Import Request.
  Time since last request: 35.481793 seconds.
  path: Assets/Scenes/Level1 (2D).unity
  artifactKey: Guid(552818231fcc843419f4ecfa8653e4bc) Importer(815301076,1909f56bfc062723c751e8b465ee728b)
Start importing Assets/Scenes/Level1 (2D).unity using Guid(552818231fcc843419f4ecfa8653e4bc) Importer(815301076,1909f56bfc062723c751e8b465ee728b)  -> (artifact id: '62e01e3309c5aeb02a9797b3b4fde5b5') in 0.002311 seconds 
========================================================================
Received Import Request.
  Time since last request: 14.910668 seconds.
  path: Assets/Scenes/Level1 (3D).unity
  artifactKey: Guid(f33cdef111726aa4a99a6d4ea6b68a63) Importer(815301076,1909f56bfc062723c751e8b465ee728b)
Start importing Assets/Scenes/Level1 (3D).unity using Guid(f33cdef111726aa4a99a6d4ea6b68a63) Importer(815301076,1909f56bfc062723c751e8b465ee728b)  -> (artifact id: '27a8fa86fc24554379bb820bfc5fc23b') in 0.002351 seconds 
========================================================================
Received Import Request.
  Time since last request: 59.979519 seconds.
  path: Assets/Scenes/Level1 (2D).unity
  artifactKey: Guid(552818231fcc843419f4ecfa8653e4bc) Importer(815301076,1909f56bfc062723c751e8b465ee728b)
Start importing Assets/Scenes/Level1 (2D).unity using Guid(552818231fcc843419f4ecfa8653e4bc) Importer(815301076,1909f56bfc062723c751e8b465ee728b)  -> (artifact id: '8e544830298eb5a588643d5aa7731623') in 0.002295 seconds 
========================================================================
Received Import Request.
  Time since last request: 3.601036 seconds.
  path: Assets/Scenes/Level1 (3D).unity
  artifactKey: Guid(f33cdef111726aa4a99a6d4ea6b68a63) Importer(815301076,1909f56bfc062723c751e8b465ee728b)
Start importing Assets/Scenes/Level1 (3D).unity using Guid(f33cdef111726aa4a99a6d4ea6b68a63) Importer(815301076,1909f56bfc062723c751e8b465ee728b)  -> (artifact id: 'b9fb3bc7244cce2a255bb9e2c8cb1bf8') in 0.002121 seconds 
========================================================================
Received Import Request.
  Time since last request: 11.234232 seconds.
  path: Assets/Scenes/Level1.unity
  artifactKey: Guid(552818231fcc843419f4ecfa8653e4bc) Importer(815301076,1909f56bfc062723c751e8b465ee728b)
Start importing Assets/Scenes/Level1.unity using Guid(552818231fcc843419f4ecfa8653e4bc) Importer(815301076,1909f56bfc062723c751e8b465ee728b)  -> (artifact id: '95d8379a680940a786e7f0a6327b8ba2') in 0.002285 seconds 
========================================================================
Received Import Request.
  Time since last request: 114.611001 seconds.
  path: Assets/Scenes/GameOver.unity
  artifactKey: Guid(71665b79f4a1b13429522674dd950cbe) Importer(815301076,1909f56bfc062723c751e8b465ee728b)
Start importing Assets/Scenes/GameOver.unity using Guid(71665b79f4a1b13429522674dd950cbe) Importer(815301076,1909f56bfc062723c751e8b465ee728b)  -> (artifact id: '8ac4c36b7eceda84c13f47de3c44c088') in 0.006005 seconds 
========================================================================
Received Import Request.
  Time since last request: 649.091500 seconds.
  path: Assets/Scenes/Level1.unity
  artifactKey: Guid(552818231fcc843419f4ecfa8653e4bc) Importer(815301076,1909f56bfc062723c751e8b465ee728b)
Start importing Assets/Scenes/Level1.unity using Guid(552818231fcc843419f4ecfa8653e4bc) Importer(815301076,1909f56bfc062723c751e8b465ee728b)  -> (artifact id: 'd2c7e098ba56dfbcfd3e53f8fb1bdf5f') in 0.005164 seconds 
AssetImportWorkerClient::OnTransportError - code=2 error=End of file
